0 info it worked if it ends with ok
1 verbose cli [ 'C:\\Program Files\\nodejs\\node.exe',
1 verbose cli   'C:\\Users\\User\\AppData\\Roaming\\npm\\node_modules\\npm\\bin\\npm-cli.js',
1 verbose cli   'start' ]
2 info using npm@3.10.6
3 info using node@v4.2.4
4 verbose run-script [ 'prestart', 'start', 'poststart' ]
5 info lifecycle conference-control-server@0.0.1~prestart: conference-control-server@0.0.1
6 silly lifecycle conference-control-server@0.0.1~prestart: no script for prestart, continuing
7 info lifecycle conference-control-server@0.0.1~start: conference-control-server@0.0.1
8 verbose lifecycle conference-control-server@0.0.1~start: unsafe-perm in lifecycle true
9 verbose lifecycle conference-control-server@0.0.1~start: PATH: C:\Users\User\AppData\Roaming\npm\node_modules\npm\bin\node-gyp-bin;E:\git\conference-server\server\node_modules\.bin;C:\Setup\cmder_mini\bin;C:\Setup\cmder_mini\vendor\conemu-maximus5\ConEmu\Scripts;C:\Setup\cmder_mini\vendor\conemu-maximus5;C:\Setup\cmder_mini\vendor\conemu-maximus5\ConEmu;C:\Program Files (x86)\NVIDIA Corporation\PhysX\Common;C:\ProgramData\Oracle\Java\javapath;C:\Program Files (x86)\Intel\iCLS Client\;C:\Program Files\Intel\iCLS Client\;C:\WINDOWS\system32;C:\WINDOWS;C:\WINDOWS\System32\Wbem;C:\WINDOWS\System32\WindowsPowerShell\v1.0\;C:\Program Files\Intel\Intel(R) Management Engine Components\DAL;C:\Program Files\Intel\Intel(R) Management Engine Components\IPT;C:\Program Files (x86)\Intel\Intel(R) Management Engine Components\DAL;C:\Program Files (x86)\Intel\Intel(R) Management Engine Components\IPT;C:\Program Files\Intel\WiFi\bin\;C:\Program Files\Common Files\Intel\WirelessCommon\;C:\Python27;C:\Python27\Scripts;C:\Program Files (x86)\Bitvise SSH Client;C:\Program Files (x86)\Skype\Phone\;C:\Program Files\nodejs\;C:\Users\User\.dnx\bin;C:\Program Files\Microsoft DNX\Dnvm\;C:\Program Files (x86)\Windows Kits\10\Windows Performance Toolkit\;C:\Program Files (x86)\Windows Live\Shared;C:\Program Files (x86)\Microsoft Emulator Manager\1.0\;C:\Users\User\AppData\Local\Programs\Git\cmd;C:\Program Files (x86)\GtkSharp\2.12\bin;C:\ProgramData\chocolatey\bin;C:\HashiCorp\Vagrant\bin;C:\Program Files\cURL\bin;C:\Users\User\AppData\Local\Programs\Python\Python35-32\Scripts\;C:\Users\User\AppData\Local\Programs\Python\Python35-32\;C:\Program Files\Intel\WiFi\bin\;C:\Program Files\Common Files\Intel\WirelessCommon\;C:\Users\User\AppData\Local\Programs\Git\cmd;C:\Users\User\AppData\Local\Programs\Git\mingw64\bin;C:\Users\User\AppData\Local\Programs\Git\usr\bin;C:\Python27;C:\Python27\Scripts;C:\Users\User\AppData\Roaming\npm;C:\Users\User\AppData\Local\Microsoft\WindowsApps;C:\Program Files\Mercurial;C:\PROGRA~2\Oracle\VirtualBox;E:\apache-maven-3.3.9\bin;C:\Users\User\AppData\Local\.meteor\;C:\Program Files (x86)\FAHClient;C:\Users\User\AppData\Local\Programs\Git\usr\bin;C:\Users\User\AppData\Local\Programs\Git\usr\share\vim\vim74;C:\Setup\cmder_mini\
10 verbose lifecycle conference-control-server@0.0.1~start: CWD: E:\git\conference-server\server
11 silly lifecycle conference-control-server@0.0.1~start: Args: [ '/d /s /c', 'node app.js' ]
12 silly lifecycle conference-control-server@0.0.1~start: Returned: code: 1  signal: null
13 info lifecycle conference-control-server@0.0.1~start: Failed to exec start script
14 verbose stack Error: conference-control-server@0.0.1 start: `node app.js`
14 verbose stack Exit status 1
14 verbose stack     at EventEmitter.<anonymous> (C:\Users\User\AppData\Roaming\npm\node_modules\npm\lib\utils\lifecycle.js:255:16)
14 verbose stack     at emitTwo (events.js:87:13)
14 verbose stack     at EventEmitter.emit (events.js:172:7)
14 verbose stack     at ChildProcess.<anonymous> (C:\Users\User\AppData\Roaming\npm\node_modules\npm\lib\utils\spawn.js:40:14)
14 verbose stack     at emitTwo (events.js:87:13)
14 verbose stack     at ChildProcess.emit (events.js:172:7)
14 verbose stack     at maybeClose (internal/child_process.js:818:16)
14 verbose stack     at Process.ChildProcess._handle.onexit (internal/child_process.js:211:5)
15 verbose pkgid conference-control-server@0.0.1
16 verbose cwd E:\git\conference-server\server
17 error Windows_NT 10.0.14393
18 error argv "C:\\Program Files\\nodejs\\node.exe" "C:\\Users\\User\\AppData\\Roaming\\npm\\node_modules\\npm\\bin\\npm-cli.js" "start"
19 error node v4.2.4
20 error npm  v3.10.6
21 error code ELIFECYCLE
22 error conference-control-server@0.0.1 start: `node app.js`
22 error Exit status 1
23 error Failed at the conference-control-server@0.0.1 start script 'node app.js'.
23 error Make sure you have the latest version of node.js and npm installed.
23 error If you do, this is most likely a problem with the conference-control-server package,
23 error not with npm itself.
23 error Tell the author that this fails on your system:
23 error     node app.js
23 error You can get information on how to open an issue for this project with:
23 error     npm bugs conference-control-server
23 error Or if that isn't available, you can get their info via:
23 error     npm owner ls conference-control-server
23 error There is likely additional logging output above.
24 verbose exit [ 1, true ]
